<?xml version="1.0" encoding="UTF-8"?>
<!-- Generated by org.testng.reporters.JUnitReportReporter -->
<testsuite hostname="ASUS" name="com.eca.pages.NewTest2" tests="1" failures="0" timestamp="12 Apr 2016 08:24:26 GMT" time="0.008" errors="0">
  <testcase name="f" time="0.008" classname="com.eca.pages.NewTest2"/>
</testsuite> <!-- com.eca.pages.NewTest2 -->
