<?xml version="1.0" encoding="UTF-8"?>
<!-- Generated by org.testng.reporters.JUnitReportReporter -->
<testsuite hostname="ASUS" name="com.eca.pages.Mobiles" tests="1" failures="0" timestamp="15 Apr 2016 12:52:22 GMT" time="108.651" errors="0">
  <testcase name="sortverify" time="108.651" classname="com.eca.pages.Mobiles"/>
</testsuite> <!-- com.eca.pages.Mobiles -->
