<?xml version="1.0" encoding="UTF-8"?>
<!-- Generated by org.testng.reporters.JUnitReportReporter -->
<testsuite hostname="ASUS" name="com.eca.pages.Lead_SubmitTest" tests="1" failures="0" timestamp="12 Apr 2016 08:24:59 GMT" time="0.008" errors="0">
  <testcase name="teste" time="0.008" classname="com.eca.pages.Lead_SubmitTest"/>
</testsuite> <!-- com.eca.pages.Lead_SubmitTest -->
